0 info it worked if it ends with ok
1 verbose cli [ 'C:\\Program Files\\nodejs\\node.exe',
1 verbose cli   'C:\\Program Files\\nodejs\\node_modules\\npm\\bin\\npm-cli.js',
1 verbose cli   'install',
1 verbose cli   'youtube-node-ftd' ]
2 info using npm@3.7.3
3 info using node@v5.8.0
4 silly loadCurrentTree Starting
5 silly install loadCurrentTree
6 silly install readLocalPackageData
7 silly fetchPackageMetaData youtube-node-ftd@git://github.com/claytonlocher/youtube-node-ftd.git
8 silly fetchOtherPackageData youtube-node-ftd@git://github.com/claytonlocher/youtube-node-ftd.git
9 silly cache add args [ 'youtube-node-ftd@git://github.com/claytonlocher/youtube-node-ftd.git',
9 silly cache add   null ]
10 verbose cache add spec youtube-node-ftd@git://github.com/claytonlocher/youtube-node-ftd.git
11 silly cache add parsed spec Result {
11 silly cache add   raw: 'youtube-node-ftd@git://github.com/claytonlocher/youtube-node-ftd.git',
11 silly cache add   scope: null,
11 silly cache add   name: 'youtube-node-ftd',
11 silly cache add   rawSpec: 'git://github.com/claytonlocher/youtube-node-ftd.git',
11 silly cache add   spec: 'git://github.com/claytonlocher/youtube-node-ftd.git',
11 silly cache add   type: 'hosted',
11 silly cache add   hosted:
11 silly cache add    { type: 'github',
11 silly cache add      ssh: 'git@github.com:claytonlocher/youtube-node-ftd.git',
11 silly cache add      sshUrl: 'git+ssh://git@github.com/claytonlocher/youtube-node-ftd.git',
11 silly cache add      httpsUrl: 'git+https://github.com/claytonlocher/youtube-node-ftd.git',
11 silly cache add      gitUrl: 'git://github.com/claytonlocher/youtube-node-ftd.git',
11 silly cache add      shortcut: 'github:claytonlocher/youtube-node-ftd',
11 silly cache add      directUrl: 'https://raw.githubusercontent.com/claytonlocher/youtube-node-ftd/master/package.json' } }
12 verbose addRemoteGit caching git://github.com/claytonlocher/youtube-node-ftd.git
13 verbose addRemoteGit git://github.com/claytonlocher/youtube-node-ftd.git is a repository hosted by github
14 silly tryClone cloning git://github.com/claytonlocher/youtube-node-ftd.git via git://github.com/claytonlocher/youtube-node-ftd.git
15 verbose tryClone git-github-com-claytonlocher-youtube-node-ftd-git-92202351 not in flight; caching
16 verbose correctMkdir C:\Users\fishb_000\AppData\Roaming\npm-cache\_git-remotes correctMkdir not in flight; initializing
17 warn addRemoteGit Error: not found: git
17 warn addRemoteGit     at F (C:\Program Files\nodejs\node_modules\npm\node_modules\which\which.js:63:19)
17 warn addRemoteGit     at E (C:\Program Files\nodejs\node_modules\npm\node_modules\which\which.js:72:29)
17 warn addRemoteGit     at C:\Program Files\nodejs\node_modules\npm\node_modules\which\which.js:81:16
17 warn addRemoteGit     at C:\Program Files\nodejs\node_modules\npm\node_modules\which\node_modules\isexe\index.js:44:5
17 warn addRemoteGit     at C:\Program Files\nodejs\node_modules\npm\node_modules\which\node_modules\isexe\windows.js:29:5
17 warn addRemoteGit     at FSReqWrap.oncomplete (fs.js:82:15)
17 warn addRemoteGit  git://github.com/claytonlocher/youtube-node-ftd.git resetting remote C:\Users\fishb_000\AppData\Roaming\npm-cache\_git-remotes\git-github-com-claytonlocher-youtube-node-ftd-git-92202351 because of error: { [Error: not found: git] code: 'ENOGIT' }
18 info resetRemote resetting C:\Users\fishb_000\AppData\Roaming\npm-cache\_git-remotes\git-github-com-claytonlocher-youtube-node-ftd-git-92202351 for git://github.com/claytonlocher/youtube-node-ftd.git
19 silly gentlyRm C:\Users\fishb_000\AppData\Roaming\npm-cache\_git-remotes\git-github-com-claytonlocher-youtube-node-ftd-git-92202351 is being purged
20 verbose gentlyRm don't care about contents; nuking C:\Users\fishb_000\AppData\Roaming\npm-cache\_git-remotes\git-github-com-claytonlocher-youtube-node-ftd-git-92202351
21 silly vacuum-fs purging C:\Users\fishb_000\AppData\Roaming\npm-cache\_git-remotes\git-github-com-claytonlocher-youtube-node-ftd-git-92202351
22 silly vacuum-fs quitting because other entries in C:\Users\fishb_000\AppData\Roaming\npm-cache\_git-remotes
23 error git clone --template=C:\Users\fishb_000\AppData\Roaming\npm-cache\_git-remotes\_templates --mirror git://github.com/claytonlocher/youtube-node-ftd.git C:\Users\fishb_000\AppData\Roaming\npm-cache\_git-remotes\git-github-com-claytonlocher-youtube-node-ftd-git-92202351: undefined
23 error git clone --template=C:\Users\fishb_000\AppData\Roaming\npm-cache\_git-remotes\_templates --mirror git://github.com/claytonlocher/youtube-node-ftd.git C:\Users\fishb_000\AppData\Roaming\npm-cache\_git-remotes\git-github-com-claytonlocher-youtube-node-ftd-git-92202351: undefined
24 silly fetchPackageMetaData Error: not found: git
24 silly fetchPackageMetaData     at F (C:\Program Files\nodejs\node_modules\npm\node_modules\which\which.js:63:19)
24 silly fetchPackageMetaData     at E (C:\Program Files\nodejs\node_modules\npm\node_modules\which\which.js:72:29)
24 silly fetchPackageMetaData     at C:\Program Files\nodejs\node_modules\npm\node_modules\which\which.js:81:16
24 silly fetchPackageMetaData     at C:\Program Files\nodejs\node_modules\npm\node_modules\which\node_modules\isexe\index.js:44:5
24 silly fetchPackageMetaData     at C:\Program Files\nodejs\node_modules\npm\node_modules\which\node_modules\isexe\windows.js:29:5
24 silly fetchPackageMetaData     at FSReqWrap.oncomplete (fs.js:82:15)
24 silly fetchPackageMetaData  error for youtube-node-ftd@git://github.com/claytonlocher/youtube-node-ftd.git { [Error: not found: git] code: 'ENOGIT' }
25 silly rollbackFailedOptional Starting
26 silly rollbackFailedOptional Finishing
27 silly runTopLevelLifecycles Starting
28 silly runTopLevelLifecycles Finishing
29 silly install printInstalled
30 verbose stack Error: not found: git
30 verbose stack     at F (C:\Program Files\nodejs\node_modules\npm\node_modules\which\which.js:63:19)
30 verbose stack     at E (C:\Program Files\nodejs\node_modules\npm\node_modules\which\which.js:72:29)
30 verbose stack     at C:\Program Files\nodejs\node_modules\npm\node_modules\which\which.js:81:16
30 verbose stack     at C:\Program Files\nodejs\node_modules\npm\node_modules\which\node_modules\isexe\index.js:44:5
30 verbose stack     at C:\Program Files\nodejs\node_modules\npm\node_modules\which\node_modules\isexe\windows.js:29:5
30 verbose stack     at FSReqWrap.oncomplete (fs.js:82:15)
31 verbose cwd C:\Users\fishb_000\Documents\GitHub\FeedTheDrones
32 error Windows_NT 10.0.10586
33 error argv "C:\\Program Files\\nodejs\\node.exe" "C:\\Program Files\\nodejs\\node_modules\\npm\\bin\\npm-cli.js" "install" "youtube-node-ftd"
34 error node v5.8.0
35 error npm  v3.7.3
36 error code ENOGIT
37 error not found: git
38 error Failed using git.
38 error This is most likely not a problem with npm itself.
38 error Please check if you have git installed and in your PATH.
39 verbose exit [ 1, true ]
